Has Location
------------
Location1_1.jpg
Location1_2.jpg
Location1_3.jpg
Location2_1.jpg
Location2_2.jpg
Location3_1.jpg
Location3_2.jpg
Location6_1.jpg
Location6_2.jpg
Location7_1.jpg
Location7_2.jpg
Location9_1.jpg
Location9_2.jpg
Location9_3.jpg
Location11_1.jpg
Location11_2.jpg
Location14_1.jpg
Location14_2.jpg
Location16_1.jpg
Location16_2.jpg
Location18_1.jpg
Location18_2.jpg
Location21_1.jpg
Location21_2.jpg
Location23_1.jpg
Location23_2.jpg
Location23_3.jpg
Location25_1.jpg
Location25_2.jpg
Location27_1.jpg
Location27_2.jpg
Location30_1.jpg
Location30_2.jpg
Location30_3.jpg
Location12_1.jpg
Location12_2.jpg
Location12_3.jpg
Location12_4.jpg
Location33_1.jpg
Location33_2.jpg
Location35_1.jpg
Location35_2.jpg
Location35_3.jpg
Location37_1.jpg
Location37_2.jpg
Location39_1.jpg
Location39_2.jpg
Location41_1.jpg
Location41_2.jpg
Location43_1.jpg
Location43_2.jpg
Location43_3.jpg
Location45_1.jpg
Location45_2.jpg
Location19_1.jpg
Location19_2.jpg
Location19_3.jpg
Location29_1.jpg
Location29_2.jpg
Location48_1.jpg
Location48_2.jpg
Location20_1.jpg
Location20_2.jpg
Location47_1.jpg
Location47_2.jpg
Location26_1.jpg
Location26_2.jpg
Location46_1.jpg
Location46_2.jpg
Location17_1.jpg
Location17_2.jpg
Location31_1.jpg
Location31_2.jpg
Location38_1.jpg
Location38_2.jpg
Location8_1.jpg
Location8_2.jpg
Location34_1.jpg
Location34_2.jpg
Location34_3.jpg
Location24_1.jpg
Location24_2.jpg
Location42_1.jpg
Location42_2.jpg
Location49_1.jpg
Location49_2.jpg
Location49_3.jpg
Location10_1.jpg
Location10_2.jpg
Location10_3.jpg
Location22_1.jpg
Location22_2.jpg
Location15_1.jpg
Location15_2.jpg
Location32_1.jpg
Location32_2.jpg
Location36_1.jpg
Location36_2.jpg
Location44_1.jpg
Location44_2.jpg
Location40_1.jpg
Location40_2.jpg
Location40_3.jpg
Location13_1.jpg
Location13_2.jpg
Location28_1.jpg
Location28_2.jpg
Location50_1.jpg
Location50_2.jpg
Location50_3.jpg
Location52_1.jpg
Location52_2.jpg
Location52_3.jpg
Location52_4.jpg
Location54_1.jpg
Location54_2.jpg
Location56_1.jpg
Location56_2.jpg
Location58_1.jpg
Location58_2.jpg
Location60_1.jpg
Location60_2.jpg
Location60_3.jpg
Location60_4.jpg
Location62_1.jpg
Location62_2.jpg
Location64_1.jpg
Location64_2.jpg
Location66_1.jpg
Location66_2.jpg
Location68_1.jpg
Location68_2.jpg
Location70_1.jpg
Location70_2.jpg
Location72_1.jpg
Location72_2.jpg
Location74_1.jpg
Location74_2.jpg
Location76_1.jpg
Location76_2.jpg
Location78_1.jpg
Location78_2.jpg
Location80_1.jpg
Location80_2.jpg
Location82_1.jpg
Location82_2.jpg
Location84_1.jpg
Location84_2.jpg
Location86_1.jpg
Location86_2.jpg
Location51_1.jpg
Location51_2.jpg
Location51_3.jpg
Location55_1.jpg
Location55_2.jpg
Location59_1.jpg
Location59_2.jpg
Location63_1.jpg
Location63_2.jpg
Location67_1.jpg
Location67_2.jpg
Location79_1.jpg
Location79_2.jpg
Location87_1.jpg
Location87_2.jpg
Location73_1.jpg
Location73_2.jpg
Location69_1.jpg
Location69_2.jpg
Location71_1.jpg
Location71_2.jpg
Location77_1.jpg
Location77_2.jpg
Location77_3.jpg
Location75_1.jpg
Location75_2.jpg
Location57_1.jpg
Location57_2.jpg
Location81_1.jpg
Location81_2.jpg
Location85_1.jpg
Location85_2.jpg
Location83_1.jpg
Location83_2.jpg
Location65_1.jpg
Location65_2.jpg
Location53_1.jpg
Location53_2.jpg
Location61_1.jpg
Location61_2.jpg
Location90_1.jpg
Location90_2.jpg
Location88_1.jpg
Location88_2.jpg
Location88_3.jpg
Location91_1.jpg
Location91_2.jpg
Location89_1.jpg
Location89_2.jpg
Location92_1.jpg
Location92_2.jpg
Location94_1.jpg
Location94_2.jpg
Location94_3.jpg
Location96_1.jpg
Location96_2.jpg
Location98_1.jpg
Location98_2.jpg
Location100_1.jpg
Location100_2.jpg
Location102_1.jpg
Location102_2.jpg
Location104_1.jpg
Location104_2.jpg
Location106_1.jpg
Location106_2.jpg
Location109_1.jpg
Location109_2.jpg
Location111_1.jpg
Location111_2.jpg
Location111_3.jpg
Location113_1.jpg
Location113_2.jpg
Location95_1.jpg
Location95_2.jpg
Location99_1.jpg
Location99_2.jpg
Location103_1.jpg
Location103_2.jpg
Location107_1.jpg
Location107_2.jpg
Location110_1.jpg
Location110_2.jpg
Location93_1.jpg
Location93_2.jpg
Location105_1.jpg
Location105_2.jpg
Location101_1.jpg
Location101_2.jpg
Location101_3.jpg
Location112_1.jpg
Location112_2.jpg
Location97_1.jpg
Location97_2.jpg
Location108_1.jpg
Location108_2.jpg
Location114_1.jpg
Location114_2.jpg
Location114_3.jpg
Location116_1.jpg
Location116_2.jpg
Location116_3.jpg
Location118_1.jpg
Location118_2.jpg
Location120_1.jpg
Location120_2.jpg
Location115_1.jpg
Location115_2.jpg
Location119_1.jpg
Location119_2.jpg
Location119_3.jpg
Location117_1.jpg
Location117_2.jpg
Location117_3.jpg
Location121_1.jpg
Location121_2.jpg
Location121_3.jpg

No Location
------------
Row5_1.jpg
Row5_2.jpg
Row6_1.jpg
Row6_2.jpg
Row6_3.jpg

Location No Pics
----------------
